2022/05/28 11:35:39 INFO  : cond2.bash: Copied (new)
2022/05/28 11:35:39 INFO  : cond3.bash: Copied (new)
2022/05/28 11:35:39 INFO  : comments_02.sh: Copied (new)
2022/05/28 11:35:39 INFO  : cond1.sh: Copied (new)
2022/05/28 11:35:41 INFO  : cond5.bash: Copied (new)
2022/05/28 11:35:47 INFO  : echo.sh: Copied (new)
2022/05/28 11:35:47 INFO  : cond7.bash: Copied (new)
2022/05/28 11:35:47 INFO  : cond4.bash: Copied (new)
2022/05/28 11:35:47 INFO  : cond6.bash: Copied (new)
2022/05/28 11:35:48 INFO  : for00.sh: Copied (new)
2022/05/28 11:35:49 INFO  : for01.sh: Copied (new)
2022/05/28 11:35:49 INFO  : for3.sh: Copied (new)
2022/05/28 11:35:49 INFO  : for2.sh: Copied (new)
2022/05/28 11:35:50 INFO  : for4.sh: Copied (new)
2022/05/28 11:35:50 INFO  : for_00.bash: Copied (new)
2022/05/28 11:35:50 INFO  : for5.sh: Copied (new)
2022/05/28 11:35:53 INFO  : func_return1.bash: Copied (new)
2022/05/28 11:35:53 INFO  : func_return2.bash: Copied (new)
2022/05/28 11:35:53 INFO  : func_return3.bash: Copied (new)
2022/05/28 11:35:53 INFO  : func_return4.bash: Copied (new)
2022/05/28 11:35:54 INFO  : get_args.sh: Copied (new)
2022/05/28 11:35:55 INFO  : read.sh: Copied (new)
2022/05/28 11:35:55 INFO  : split_long_command.bash: Copied (new)
2022/05/28 11:35:55 INFO  : test.sh: Copied (new)
2022/05/28 11:35:56 INFO  : while00.sh: Copied (new)
2022/05/28 11:35:56 INFO  : while02.sh: Copied (new)
2022/05/28 11:35:56 INFO  : while01.sh: Copied (new)
2022/05/28 11:35:57 INFO  : while03.sh: Copied (new)
2022/05/28 11:35:57 INFO  : while04.sh: Copied (new)
2022/05/28 11:35:59 INFO  : good practices/arg_type_check.sh: Copied (new)
2022/05/28 11:35:59 INFO  : xargs.sh: Copied (new)
2022/05/28 11:35:59 INFO  : good practices/check_empty_var.sh: Copied (new)
2022/05/28 11:35:59 INFO  : good practices/comments.sh: Copied (new)
2022/05/28 11:36:00 INFO  : good practices/function.sh: Copied (new)
2022/05/28 11:36:03 INFO  : scripts/read.sh: Copied (new)
2022/05/28 11:36:03 INFO  : good practices/indent.sh: Copied (new)
2022/05/28 11:36:04 INFO  : good practices/meaningful_names.sh: Copied (new)
2022/05/28 11:36:04 INFO  : scripts/xargs.sh: Copied (new)
2022/05/28 11:36:06 INFO  : awk/awk_01.sh: Copied (new)
2022/05/28 11:36:06 INFO  : awk/awk_commands03.sh: Copied (new)
2022/05/28 11:36:06 INFO  : awk/awk_commands01.sh: Copied (new)
2022/05/28 11:36:06 INFO  : awk/awk_commands02.sh: Copied (new)
2022/05/28 11:36:07 INFO  : awk/awk_dynvar.sh: Copied (new)
2022/05/28 11:36:08 INFO  : awk/awk_script.awk: Copied (new)
2022/05/28 11:36:08 INFO  : awk/awk_script.sh: Copied (new)
2022/05/28 11:36:08 INFO  : awk/awk_script.csh: Copied (new)
2022/05/28 11:36:09 INFO  : awk/awk_vars.sh: Copied (new)
2022/05/28 11:36:09 INFO  : awk/employee: Copied (new)
2022/05/28 11:36:09 INFO  : awk/favorite_food.txt: Copied (new)
2022/05/28 11:36:10 INFO  : awk/nano.10265.save: Copied (new)
2022/05/28 11:36:13 INFO  : awk/nano.13860.save: Copied (new)
2022/05/28 11:36:13 INFO  : report_generator/sys_info_page_v1.html: Copied (new)
2022/05/28 11:36:13 INFO  : report_generator/.sys_info_page_v1.sh: Copied (new)
2022/05/28 11:36:13 INFO  : report_generator/sys_info_page.html: Copied (new)
2022/05/28 11:36:15 INFO  : heredoc/a.out: Copied (new)
2022/05/28 11:36:16 INFO  : report_generator/sys_info_page_v2.sh: Copied (new)
2022/05/28 11:36:16 INFO  : report_generator/sys_info_page_v2.html: Copied (new)
2022/05/28 11:36:16 INFO  : heredoc/heredoc.output: Copied (new)
2022/05/28 11:36:18 INFO  : heredoc/heredoc.sh: Copied (new)
2022/05/28 11:36:18 INFO  : scripts/sed/BSD: Copied (new)
2022/05/28 11:36:19 INFO  : scripts/sed/new: Copied (new)
2022/05/28 11:36:19 INFO  : examples/1_args.bash: Copied (new)
2022/05/28 11:36:20 INFO  : examples/1_args1.bash: Copied (new)
2022/05/28 11:36:20 INFO  : scripts/sed/old: Copied (new)
2022/05/28 11:36:22 INFO  : examples/comments_01 (12a84bdb) (c2b2380b).sh: Copied (new)
2022/05/28 11:36:22 INFO  : scripts/sed/sed_01.sh: Copied (new)
2022/05/28 11:36:22 INFO  : scripts/sed/sample1.txt: Copied (new)
2022/05/28 11:36:22 INFO  : examples/comments_01 (12a84bdb).sh: Copied (new)
2022/05/28 11:36:23 INFO  : examples/comments_01.sh: Copied (new)
2022/05/28 11:36:24 INFO  : scripts/sed/sed_pattern_flags.sh: Copied (new)
2022/05/28 11:36:24 INFO  : examples/comments_02.sh: Copied (new)
2022/05/28 11:36:24 INFO  : examples/comments_03.sh: Copied (new)
2022/05/28 11:36:26 INFO  : scripts/linadm/dns.sh: Copied (new)
2022/05/28 11:36:26 INFO  : scripts/linadm/dns_bind9.sh: Copied (new)
2022/05/28 11:36:27 INFO  : scripts/linadm/gateway.sh: Copied (new)
2022/05/28 11:36:27 INFO  : scripts/linadm/gateway_v2.sh: Copied (new)
2022/05/28 11:36:27 INFO  : scripts/linadm/isc-dhcp-server.sh: Copied (new)
2022/05/28 11:36:28 INFO  : scripts/linadm/hostname.sh: Copied (new)
2022/05/28 11:36:28 INFO  : scripts/linadm/nfs.sh: Copied (new)
2022/05/28 11:36:28 INFO  : scripts/linadm/network_interfaces.sh: Copied (new)
2022/05/28 11:36:29 INFO  : scripts/linadm/ntp.sh: Copied (new)
2022/05/28 11:36:29 INFO  : scripts/linadm/rsync.sh: Copied (new)
2022/05/28 11:36:30 INFO  : scripts/linadm/sshfs.sh: Copied (new)
2022/05/28 11:36:30 INFO  : scripts/linadm/samba.sh: Copied (new)
2022/05/28 11:36:31 INFO  : scripts/linadm/static_ip_assignment.sh: Copied (new)
2022/05/28 11:36:34 INFO  : examples/good practices/comments.sh: Copied (new)
2022/05/28 11:36:34 INFO  : scripts/linadm/static_ip_assignment_02.sh: Copied (new)
2022/05/28 11:36:36 INFO  : scripts/awk/awk_01.sh: Copied (new)
2022/05/28 11:36:36 INFO  : examples/good practices/indent.sh: Copied (new)
2022/05/28 11:36:36 INFO  : scripts/awk/awk_commands01.sh: Copied (new)
2022/05/28 11:36:36 INFO  : scripts/awk/awk_commands02.sh: Copied (new)
2022/05/28 11:36:37 INFO  : scripts/awk/awk_dynvar.sh: Copied (new)
2022/05/28 11:36:37 INFO  : scripts/awk/awk_commands03.sh: Copied (new)
2022/05/28 11:36:37 INFO  : scripts/awk/awk_script.awk: Copied (new)
2022/05/28 11:36:38 INFO  : scripts/awk/awk_script.csh: Copied (new)
2022/05/28 11:36:39 INFO  : scripts/awk/awk_script.sh: Copied (new)
2022/05/28 11:36:39 INFO  : scripts/awk/awk_vars.sh: Copied (new)
2022/05/28 11:36:39 INFO  : scripts/awk/employee: Copied (new)
2022/05/28 11:36:39 INFO  : scripts/awk/favorite_food.txt: Copied (new)
2022/05/28 11:36:41 INFO  : report_generator/.git/COMMIT_EDITMSG: Copied (new)
2022/05/28 11:36:41 INFO  : report_generator/.git/HEAD: Copied (new)
2022/05/28 11:36:41 INFO  : report_generator/.git/description: Copied (new)
2022/05/28 11:36:42 INFO  : report_generator/.git/config: Copied (new)
2022/05/28 11:36:44 INFO  : report_generator/.git/logs/HEAD: Copied (new)
2022/05/28 11:36:44 INFO  : report_generator/.git/index: Copied (new)
2022/05/28 11:36:47 INFO  : report_generator/.git/refs/heads/master: Copied (new)
2022/05/28 11:36:48 INFO  : report_generator/.git/info/exclude: Copied (new)
2022/05/28 11:36:55 INFO  : report_generator/.git/logs/refs/heads/master: Copied (new)
2022/05/28 11:36:56 INFO  : report_generator/.git/hooks/commit-msg.sample: Copied (new)
2022/05/28 11:36:56 INFO  : report_generator/.git/hooks/post-update.sample: Copied (new)
2022/05/28 11:36:56 INFO  : report_generator/.git/hooks/fsmonitor-watchman.sample: Copied (new)
2022/05/28 11:36:57 INFO  : report_generator/.git/hooks/applypatch-msg.sample: Copied (new)
2022/05/28 11:36:57 INFO  : report_generator/.git/hooks/pre-applypatch.sample: Copied (new)
2022/05/28 11:36:57 INFO  : report_generator/.git/hooks/pre-commit.sample: Copied (new)
2022/05/28 11:36:58 INFO  : report_generator/.git/hooks/pre-merge-commit.sample: Copied (new)
2022/05/28 11:36:58 INFO  : report_generator/.git/hooks/pre-push.sample: Copied (new)
2022/05/28 11:36:58 INFO  : report_generator/.git/hooks/pre-rebase.sample: Copied (new)
2022/05/28 11:36:59 INFO  : report_generator/.git/hooks/pre-receive.sample: Copied (new)
2022/05/28 11:36:59 INFO  : report_generator/.git/hooks/prepare-commit-msg.sample: Copied (new)
2022/05/28 11:37:00 INFO  : report_generator/.git/hooks/push-to-checkout.sample: Copied (new)
2022/05/28 11:37:04 INFO  : report_generator/.git/hooks/update.sample: Copied (new)
2022/05/28 11:37:04 INFO  : report_generator/.git/objects/20/9b32c18e22ec174e48c685c01bdbc9f9540fa5: Copied (new)
2022/05/28 11:37:06 INFO  : report_generator/.git/objects/da/07f3148f8764452ca52b5b26e0422650bbb06c: Copied (new)
2022/05/28 11:37:07 INFO  : report_generator/.git/objects/cf/6a453a87b82c959ba2906d0019e66c798d4d3d: Copied (new)
2022/05/28 11:37:09 INFO  : report_generator/.git/objects/ea/22752ca30b17184032caece62a3ab054ec96d1: Copied (new)
2022/05/28 11:37:10 INFO  : report_generator/.git/objects/43/2cd89b8dd5e92aa39276c397aea95ca1367059: Copied (new)
2022/05/28 11:37:12 INFO  : report_generator/.git/objects/42/1c0e36d6a9e5adeae7b871ec88c1ee8cf7a118: Copied (new)
2022/05/28 11:37:14 INFO  : report_generator/.git/objects/8a/7b46947d6d04381944062302e67aa64437fa46: Copied (new)
2022/05/28 11:37:15 INFO  : sed/BSD: Copied (new)
2022/05/28 11:37:16 INFO  : sed/CapVowel.sed: Copied (new)
2022/05/28 11:37:16 INFO  : sed/Regular Expressions.html: Copied (new)
2022/05/28 11:37:16 INFO  : sed/SedChart.pdf: Copied (new)
2022/05/28 11:37:17 INFO  : sed/_sed_01.sh: Copied (new)
2022/05/28 11:37:17 INFO  : sed/_sed_addresses.sh: Copied (new)
2022/05/28 11:37:17 INFO  : sed/_sed_curly_braces.sh: Copied (new)
2022/05/28 11:37:17 INFO  : sed/_sed_multilines.sh: Copied (new)
2022/05/28 11:37:18 INFO  : sed/_sed_pattern_flags.sh: Copied (new)
2022/05/28 11:37:18 INFO  : sed/_sed_pattern_space.sh: Copied (new)
2022/05/28 11:37:19 INFO  : sed/_sed_script.sh: Copied (new)
2022/05/28 11:37:19 INFO  : sed/combine: Copied (new)
2022/05/28 11:37:19 INFO  : sed/convert2uc.sh: Copied (new)
2022/05/28 11:37:20 INFO  : sed/convert2uc1.sh: Copied (new)
2022/05/28 11:37:20 INFO  : sed/convert2uc2.sh: Copied (new)
2022/05/28 11:37:21 INFO  : sed/delete_nested_parens.sh: Copied (new)
2022/05/28 11:37:22 INFO  : sed/grep3a.sh: Copied (new)
2022/05/28 11:37:23 INFO  : sed/even: Copied (new)
2022/05/28 11:37:23 INFO  : sed/grep3c.sh: Copied (new)
2022/05/28 11:37:23 INFO  : sed/grep3.sh: Copied (new)
2022/05/28 11:37:24 INFO  : sed/grep4.sh: Copied (new)
2022/05/28 11:37:24 INFO  : sed/grep_previous (1).sh: Copied (new)
2022/05/28 11:37:24 INFO  : sed/grep4a.sh: Copied (new)
2022/05/28 11:37:25 INFO  : sed/grep_paragraph.sh: Copied (new)
2022/05/28 11:37:25 INFO  : sed/grep_previous.sh: Copied (new)
2022/05/28 11:37:25 INFO  : sed/new: Copied (new)
2022/05/28 11:37:26 INFO  : sed/old: Copied (new)
2022/05/28 11:37:26 INFO  : sed/sample1.txt: Copied (new)
2022/05/28 11:37:27 INFO  : sed/sed_01.sh: Copied (new)
2022/05/28 11:37:27 INFO  : sed/sed_add_comments.sh: Copied (new)
2022/05/28 11:37:27 INFO  : sed/sed_add_line_after_word.sh: Copied (new)
2022/05/28 11:37:27 INFO  : sed/sed_add_line_after_word1.sh: Copied (new)
2022/05/28 11:37:28 INFO  : sed/sed_add_line_before_word.sh: Copied (new)
2022/05/28 11:37:28 INFO  : sed/sed_addslash_before_blank.csh: Copied (new)
2022/05/28 11:37:29 INFO  : sed/sed_addslash_before_blank.sh: Copied (new)
2022/05/28 11:37:29 INFO  : sed/sed_bad_example.sh: Copied (new)
2022/05/28 11:37:29 INFO  : sed/sed_begin_end.sh: Copied (new)
2022/05/28 11:37:30 INFO  : sed/sed_begin_end1.sh: Copied (new)
2022/05/28 11:37:30 INFO  : sed/sed_begin_end2.sh: Copied (new)
2022/05/28 11:37:31 INFO  : sed/sed_change_line.sh: Copied (new)
2022/05/28 11:37:31 INFO  : sed/sed_delete_between_two_words.sh: Copied (new)
2022/05/28 11:37:32 INFO  : sed/sed_delete_line_after_word.sh: Copied (new)
2022/05/28 11:37:32 INFO  : sed/sed_hereis.sed: Copied (new)
2022/05/28 11:37:33 INFO  : sed/sed_include1.sh: Copied (new)
2022/05/28 11:37:33 INFO  : sed/sed_include.sh: Copied (new)
2022/05/28 11:37:34 INFO  : sed/sed_include2.sh: Copied (new)
2022/05/28 11:37:34 INFO  : sed/sed_insert_append_change.sh: Copied (new)
2022/05/28 11:37:34 INFO  : sed/sed_pattern_flags.sh: Copied (new)
2022/05/28 11:37:34 INFO  : sed/sed_merge_two_lines.sh: Copied (new)
2022/05/28 11:37:35 INFO  : sed/sed_script.sed: Copied (new)
2022/05/28 11:37:35 INFO  : sed/sed_print_line_after_word.sh: Copied (new)
2022/05/28 11:37:36 INFO  : sed/sed_split.sh: Copied (new)
2022/05/28 11:37:36 INFO  : sed/sed_split (1).sh: Copied (new)
2022/05/28 11:37:37 INFO  : sed/sed_split_merge.sh: Copied (new)
2022/05/28 11:37:37 INFO  : sed/sed_tail.sh: Copied (new)
2022/05/28 11:37:37 INFO  : sed/sedgrep.sed: Copied (new)
2022/05/28 11:37:37 INFO  : sed/sed_with_regular_expressions1.sh: Copied (new)
2022/05/28 11:37:39 INFO  : report_generator/.git/objects/50/725c172c83deee5b8dea760a3e05a73372f681: Copied (new)
2022/05/28 11:37:39 INFO  : 
Transferred:   	  235.417 KiB / 235.417 KiB, 100%, 2.464 KiB/s, ETA 0s
Transferred:          186 / 186, 100%
Elapsed time:       2m5.0s

2022/05/28 11:37:46 INFO  : dns.sh: Copied (new)
2022/05/28 11:37:46 INFO  : dns_bind9.sh: Copied (new)
2022/05/28 11:37:46 INFO  : gateway_v2.sh: Copied (new)
2022/05/28 11:37:47 INFO  : gateway.sh: Copied (new)
2022/05/28 11:37:47 INFO  : hostname.sh: Copied (new)
2022/05/28 11:37:47 INFO  : isc-dhcp-server.sh: Copied (new)
2022/05/28 11:37:48 INFO  : network_interfaces.sh: Copied (new)
2022/05/28 11:37:48 INFO  : nfs.sh: Copied (new)
2022/05/28 11:37:49 INFO  : ntp.sh: Copied (new)
2022/05/28 11:37:49 INFO  : rsync.sh: Copied (new)
2022/05/28 11:37:49 INFO  : samba.sh: Copied (new)
2022/05/28 11:37:50 INFO  : sshfs.sh: Copied (new)
2022/05/28 11:37:50 INFO  : static_ip_assignment.sh: Copied (new)
2022/05/28 11:37:50 INFO  : static_ip_assignment_02.sh: Copied (new)
2022/05/28 11:37:51 INFO  : sudo: Copied (new)
2022/05/28 11:37:53 INFO  : my_manjaro_scripts/basic_tools.sh: Copied (new)
2022/05/28 11:37:55 INFO  : qemu/qemu_move.sh: Copied (new)
2022/05/28 11:37:55 INFO  : my_manjaro_scripts/openssh.sh: Copied (new)
2022/05/28 11:37:56 INFO  : qemu/qemu_util.sh: Copied (new)
2022/05/28 11:37:56 INFO  : qemu/linux/make_disk.sh: Copied (new)
2022/05/28 11:37:56 INFO  : qemu/linux/start_vi.sh: Copied (new)
2022/05/28 11:37:57 INFO  : qemu/linux/name.tar.xz: Copied (new)
2022/05/28 11:37:57 INFO  : qemu/linux/test_qemu_from_CLI.sh: Copied (new)
2022/05/28 11:37:59 INFO  : devops/Dockerfile: Copied (new)
2022/05/28 11:38:00 INFO  : devops/docker_install.sh: Copied (new)
2022/05/28 11:38:00 INFO  : my_funtoo_scripts/boot.conf: Copied (new)
2022/05/28 11:38:00 INFO  : devops/devops.txt: Copied (new)
2022/05/28 11:38:00 INFO  : my_funtoo_scripts/continue.sh: Copied (new)
2022/05/28 11:38:03 INFO  : devops/django-day-2/Dockerfile: Copied (new)
2022/05/28 11:38:03 INFO  : devops/django-day-2/README.md: Copied (new)
2022/05/28 11:38:03 INFO  : devops/django-day-2/LICENSE: Copied (new)
2022/05/28 11:38:03 INFO  : devops/django-day-2/init.sh: Copied (new)
2022/05/28 11:38:04 INFO  : devops/django-day-2/requirements.txt: Copied (new)
2022/05/28 11:38:04 INFO  : my_funtoo_scripts/fstab: Copied (new)
2022/05/28 11:38:04 INFO  : my_funtoo_scripts/install.sh: Copied (new)
2022/05/28 11:38:04 INFO  : devops/django-day-2/manage.py: Copied (new)
2022/05/28 11:38:07 INFO  : docker/.Dockerfile.run.swp: Copied (new)
2022/05/28 11:38:07 INFO  : docker/Dockerfile: Copied (new)
2022/05/28 11:38:07 INFO  : docker/.dockerignore.example: Copied (new)
2022/05/28 11:38:07 INFO  : docker/.dockerignore: Copied (new)
2022/05/28 11:38:08 INFO  : docker/Dockerfile.arg: Copied (new)
2022/05/28 11:38:08 INFO  : docker/Dockerfile.files: Copied (new)
2022/05/28 11:38:09 INFO  : docker/Dockerfile.misc: Copied (new)
2022/05/28 11:38:09 INFO  : docker/Dockerfile.multistage: Copied (new)
2022/05/28 11:38:09 INFO  : docker/Dockerfile.run: Copied (new)
2022/05/28 11:38:10 INFO  : docker/build.buildkit.sh: Copied (new)
2022/05/28 11:38:10 INFO  : docker/build.multistage.sh: Copied (new)
2022/05/28 11:38:13 INFO  : devops/django-day-2_orig/Dockerfile: Copied (new)
2022/05/28 11:38:13 INFO  : docker/run.sh: Copied (new)
2022/05/28 11:38:13 INFO  : docker/build.sh: Copied (new)
2022/05/28 11:38:13 INFO  : docker/get-docker.sh: Copied (new)
2022/05/28 11:38:14 INFO  : devops/django-day-2_orig/LICENSE: Copied (new)
2022/05/28 11:38:15 INFO  : devops/django-day-2_orig/README.md: Copied (new)
2022/05/28 11:38:15 INFO  : devops/django-day-2_orig/init.sh: Copied (new)
2022/05/28 11:38:15 INFO  : devops/django-day-2_orig/manage.py: Copied (new)
2022/05/28 11:38:18 INFO  : local/bin/.autobus_rsync.sh.swp: Copied (new)
2022/05/28 11:38:18 INFO  : devops/django-day-2_orig/requirements.txt: Copied (new)
2022/05/28 11:38:18 INFO  : local/bin/autobus_rsync.sh: Copied (new)
2022/05/28 11:38:19 INFO  : local/bin/.rclone_copy.sh.swp: Copied (new)
2022/05/28 11:38:19 INFO  : local/bin/backup_autobus_.sh.bak: Copied (new)
2022/05/28 11:38:19 INFO  : local/bin/deldupes.sh: Copied (new)
2022/05/28 11:38:20 INFO  : local/bin/finddupes.sh: Copied (new)
2022/05/28 11:38:20 INFO  : local/bin/gtor_start.sh: Copied (new)
2022/05/28 11:38:23 INFO  : local/bin/rclone_sync.sh: Copied (new)
2022/05/28 11:38:23 INFO  : local/bin/rclone_copy.sh: Copied (new)
2022/05/28 11:38:23 INFO  : local/bin/new_script.bash: Copied (new)
2022/05/28 11:38:23 INFO  : local/bin/logout.sh: Copied (new)
2022/05/28 11:38:24 INFO  : local/bin/remove_blank_lines.sh: Copied (new)
2022/05/28 11:38:25 INFO  : local/bin/remove_dup_files.sh: Copied (new)
2022/05/28 11:38:25 INFO  : local/bin/te.sh: Copied (new)
2022/05/28 11:38:25 INFO  : local/bin/swap_args.sh: Copied (new)
2022/05/28 11:38:27 INFO  : my_linux_scripts/dns_bind9.sh: Copied (new)
2022/05/28 11:38:27 INFO  : my_linux_scripts/isc-dhcp-server.sh: Copied (new)
2022/05/28 11:38:27 INFO  : my_linux_scripts/mount_make_private.sh: Copied (new)
2022/05/28 11:38:27 INFO  : my_linux_scripts/gateway.sh: Copied (new)
2022/05/28 11:38:28 INFO  : my_linux_scripts/mount_make_shared.sh: Copied (new)
2022/05/28 11:38:28 INFO  : my_linux_scripts/mount_make_slave.sh: Copied (new)
2022/05/28 11:38:28 INFO  : my_linux_scripts/nfs.sh: Copied (new)
2022/05/28 11:38:29 INFO  : my_linux_scripts/mount_make_unbindable.sh: Copied (new)
2022/05/28 11:38:29 INFO  : my_linux_scripts/ntp.sh: Copied (new)
2022/05/28 11:38:30 INFO  : my_linux_scripts/remove_dup_files.sh: Copied (new)
2022/05/28 11:38:30 INFO  : my_linux_scripts/rsync.sh: Copied (new)
2022/05/28 11:38:30 INFO  : my_linux_scripts/samba.sh: Copied (new)
2022/05/28 11:38:32 INFO  : my_linux_scripts/static_ip_assignment.sh: Copied (new)
2022/05/28 11:38:34 INFO  : my_linux_scripts/static_ip_assignment_paste.sh: Copied (new)
2022/05/28 11:38:34 INFO  : devops/django-day-2/mysite/__init__.py: Copied (new)
2022/05/28 11:38:34 INFO  : my_linux_scripts/sshfs.sh: Copied (new)
2022/05/28 11:38:34 INFO  : devops/django-day-2/mysite/settings.py: Copied (new)
2022/05/28 11:38:36 INFO  : devops/django-day-2/mysite/wsgi.py: Copied (new)
2022/05/28 11:38:36 INFO  : devops/django-day-2/.git/HEAD: Copied (new)
2022/05/28 11:38:36 INFO  : devops/django-day-2/mysite/urls.py: Copied (new)
2022/05/28 11:38:36 INFO  : devops/django-day-2/.git/config: Copied (new)
2022/05/28 11:38:37 INFO  : devops/django-day-2/.git/description: Copied (new)
2022/05/28 11:38:37 INFO  : devops/django-day-2/.git/index: Copied (new)
2022/05/28 11:38:39 INFO  : devops/django-day-2/blog/__init__.py: Copied (new)
2022/05/28 11:38:39 INFO  : devops/django-day-2/.git/packed-refs: Copied (new)
2022/05/28 11:38:39 INFO  : devops/django-day-2/blog/apps.py: Copied (new)
2022/05/28 11:38:39 INFO  : devops/django-day-2/blog/admin.py: Copied (new)
2022/05/28 11:38:40 INFO  : devops/django-day-2/blog/models.py: Copied (new)
2022/05/28 11:38:41 INFO  : devops/django-day-2/blog/urls.py: Copied (new)
2022/05/28 11:38:41 INFO  : devops/django-day-2/blog/forms.py: Copied (new)
2022/05/28 11:38:43 INFO  : devops/django-day-2/blog/tests.py: Copied (new)
2022/05/28 11:38:44 INFO  : devops/django-day-2_orig/mysite/__init__.py: Copied (new)
2022/05/28 11:38:44 INFO  : devops/django-day-2/blog/views.py: Copied (new)
2022/05/28 11:38:45 INFO  : devops/django-day-2_orig/mysite/settings.py: Copied (new)
2022/05/28 11:38:45 INFO  : devops/django-day-2_orig/mysite/urls.py: Copied (new)
2022/05/28 11:38:46 INFO  : vagrant/Vagrantfile._default: Copied (new)
2022/05/28 11:38:46 INFO  : devops/django-day-2_orig/mysite/wsgi.py: Copied (new)
2022/05/28 11:38:47 INFO  : vagrant/Vagrantfile.config.vagrant: Copied (new)
2022/05/28 11:38:47 INFO  : vagrant/Vagrantfile.config.push: Copied (new)
2022/05/28 11:38:48 INFO  : vagrant/Vagrantfile.config.vm.network: Copied (new)
2022/05/28 11:38:48 INFO  : vagrant/Vagrantfile.config.vm: Copied (new)
2022/05/28 11:38:48 INFO  : vagrant/Vagrantfile.multimachine: Copied (new)
2022/05/28 11:38:48 INFO  : vagrant/Vagrantfile.config.vm.synced_folder: Copied (new)
2022/05/28 11:38:49 INFO  : vagrant/Vagrantfile.provider: Copied (new)
2022/05/28 11:38:50 INFO  : vagrant/Vagrantfile.provider.docker: Copied (new)
2022/05/28 11:38:52 INFO  : vagrant/Vagrantfile.provision: Copied (new)
2022/05/28 11:38:52 INFO  : vagrant/Vagrantfile.provider.docker.network: Copied (new)
2022/05/28 11:38:53 INFO  : vagrant/Vagrantfile.provider.vbox: Copied (new)
2022/05/28 11:38:53 INFO  : vagrant/Vagrantfile.provider.libvirt: Copied (new)
2022/05/28 11:38:54 INFO  : vagrant/Vagrantfile.provision.ansible: Copied (new)
2022/05/28 11:38:54 INFO  : vagrant/Vagrantfile.provision.docker: Copied (new)
2022/05/28 11:38:54 INFO  : vagrant/Vagrantfile.provision.file: Copied (new)
2022/05/28 11:38:55 INFO  : vagrant/Vagrantfile.provision.shell: Copied (new)
2022/05/28 11:38:55 INFO  : vagrant/Vagrantfile.style: Copied (new)
2022/05/28 11:38:56 INFO  : vagrant/bootstrap.sh: Copied (new)
2022/05/28 11:38:56 INFO  : vagrant/q: Copied (new)
2022/05/28 11:38:56 INFO  : vagrant/vagrant_.sh: Copied (new)
2022/05/28 11:38:57 INFO  : vagrant/vagrant_box.sh: Copied (new)
2022/05/28 11:38:57 INFO  : vagrant/vagrant_info.sh: Copied (new)
2022/05/28 11:38:57 INFO  : vagrant/vagrant_init.sh: Copied (new)
2022/05/28 11:38:58 INFO  : vagrant/vagrant_libvirt_test_box.sh: Copied (new)
2022/05/28 11:38:58 INFO  : vagrant/vagrant_up.sh: Copied (new)
2022/05/28 11:38:59 INFO  : devops/docker-cicd-django/LICENSE: Copied (new)
2022/05/28 11:39:00 INFO  : devops/docker-cicd-django/init.sh: Copied (new)
2022/05/28 11:39:00 INFO  : devops/docker-cicd-django/manage.py: Copied (new)
2022/05/28 11:39:00 INFO  : devops/docker-cicd-django/README.md: Copied (new)
2022/05/28 11:39:03 INFO  : devops/django-day-2/.git/info/exclude: Copied (new)
2022/05/28 11:39:04 INFO  : devops/docker-cicd-django/requirements.txt: Copied (new)
2022/05/28 11:39:05 INFO  : devops/django-day-2_orig/.git/config: Copied (new)
2022/05/28 11:39:05 INFO  : devops/django-day-2_orig/.git/description: Copied (new)
2022/05/28 11:39:05 INFO  : devops/django-day-2_orig/.git/index: Copied (new)
2022/05/28 11:39:06 INFO  : devops/django-day-2_orig/.git/HEAD: Copied (new)
2022/05/28 11:39:07 INFO  : devops/django-day-2_orig/.git/packed-refs: Copied (new)
2022/05/28 11:39:07 INFO  : devops/django-day-2_orig/blog/__init__.py: Copied (new)
2022/05/28 11:39:08 INFO  : devops/django-day-2_orig/blog/apps.py: Copied (new)
2022/05/28 11:39:08 INFO  : devops/django-day-2_orig/blog/admin.py: Copied (new)
2022/05/28 11:39:09 INFO  : devops/django-day-2_orig/blog/forms.py: Copied (new)
2022/05/28 11:39:09 INFO  : devops/django-day-2_orig/blog/models.py: Copied (new)
2022/05/28 11:39:09 INFO  : devops/django-day-2_orig/blog/tests.py: Copied (new)
2022/05/28 11:39:09 INFO  : devops/django-day-2_orig/blog/urls.py: Copied (new)
2022/05/28 11:39:10 INFO  : devops/django-day-2_orig/blog/views.py: Copied (new)
2022/05/28 11:39:13 INFO  : devops/django-day-2/.git/logs/HEAD: Copied (new)
2022/05/28 11:39:15 INFO  : my_linux_scripts/ssh/_add_etc_hosts.sh: Copied (new)
2022/05/28 11:39:15 INFO  : my_linux_scripts/ssh/agent_client.sh: Copied (new)
2022/05/28 11:39:16 INFO  : my_linux_scripts/ssh/config_file_server.sh: Copied (new)
2022/05/28 11:39:16 INFO  : my_linux_scripts/ssh/config_file_client.sh: Copied (new)
2022/05/28 11:39:16 INFO  : my_linux_scripts/ssh/hostbased_1client.sh: Copied (new)
2022/05/28 11:39:17 INFO  : my_linux_scripts/ssh/hostbased_2server.sh: Copied (new)
2022/05/28 11:39:17 INFO  : my_linux_scripts/ssh/hostbased_cert_0CA.sh: Copied (new)
2022/05/28 11:39:17 INFO  : my_linux_scripts/ssh/hostbased_cert_1server.sh: Copied (new)
2022/05/28 11:39:18 INFO  : my_linux_scripts/ssh/hostbased_cert_2client.sh: Copied (new)
2022/05/28 11:39:18 INFO  : my_linux_scripts/ssh/key_management_client_create.sh: Copied (new)
2022/05/28 11:39:18 INFO  : my_linux_scripts/ssh/key_management_serverhost_create.sh: Copied (new)
2022/05/28 11:39:19 INFO  : my_linux_scripts/ssh/publickey_cert_client.sh: Copied (new)
2022/05/28 11:39:19 INFO  : my_linux_scripts/ssh/publickey_client.sh: Copied (new)
2022/05/28 11:39:20 INFO  : my_linux_scripts/ssh/source.txt: Copied (new)
2022/05/28 11:39:37 INFO  : docker/multistage/1/Dockerfile: Copied (new)
2022/05/28 11:39:37 INFO  : devops/django-day-2/blog/migrations/__init__.py: Copied (new)
2022/05/28 11:39:37 INFO  : devops/django-day-2/blog/migrations/0001_initial.py: Copied (new)
2022/05/28 11:39:37 INFO  : docker/multistage/1/Dockerfile.split: Copied (new)
2022/05/28 11:39:39 INFO  : docker/multistage/1/build.sh: Copied (new)
2022/05/28 11:39:39 INFO  : vagrant/vagrant_start/Vagrantfile: Copied (new)
2022/05/28 11:39:39 INFO  : vagrant/vagrant_start/foo: Copied (new)
2022/05/28 11:39:40 INFO  : vagrant/vagrant_start/bootstrap.sh: Copied (new)
2022/05/28 11:39:41 INFO  : vagrant/vagrant_start2/Vagrantfile: Copied (new)
2022/05/28 11:39:42 INFO  : vagrant/vagrant_start2/bootstrap.sh: Copied (new)
2022/05/28 11:39:44 INFO  : docker/YT-Docker-lesson/1_hello-world/app.py: Copied (new)
2022/05/28 11:39:44 INFO  : docker/YT-Docker-lesson/1_hello-world/Dockerfile: Copied (new)
2022/05/28 11:39:45 INFO  : devops/docker-cicd-django/.git/HEAD: Copied (new)
2022/05/28 11:39:46 INFO  : docker/multistage/builder_pattern/Dockerfile: Copied (new)
2022/05/28 11:39:46 INFO  : devops/docker-cicd-django/.git/description: Copied (new)
2022/05/28 11:39:47 INFO  : devops/docker-cicd-django/.git/index: Copied (new)
2022/05/28 11:39:48 INFO  : docker/multistage/builder_pattern/Dockerfile.build: Copied (new)
2022/05/28 11:39:48 INFO  : docker/multistage/builder_pattern/build.sh: Copied (new)
2022/05/28 11:39:48 INFO  : devops/docker-cicd-django/.git/packed-refs: Copied (new)
2022/05/28 11:39:51 INFO  : devops/docker-cicd-django/.git/config: Copied (new)
2022/05/28 11:40:00 INFO  : devops/django-day-2/.git/hooks/fsmonitor-watchman.sample: Copied (new)
2022/05/28 11:40:01 INFO  : devops/django-day-2/.git/hooks/commit-msg.sample: Copied (new)
2022/05/28 11:40:01 INFO  : devops/django-day-2/.git/hooks/applypatch-msg.sample: Copied (new)
2022/05/28 11:40:01 INFO  : devops/django-day-2/.git/hooks/post-update.sample: Copied (new)
2022/05/28 11:40:02 INFO  : devops/django-day-2/.git/hooks/pre-applypatch.sample: Copied (new)
2022/05/28 11:40:02 INFO  : devops/django-day-2/.git/hooks/pre-merge-commit.sample: Copied (new)
2022/05/28 11:40:02 INFO  : devops/django-day-2/.git/hooks/pre-commit.sample: Copied (new)
2022/05/28 11:40:03 INFO  : devops/django-day-2/.git/hooks/pre-push.sample: Copied (new)
2022/05/28 11:40:03 INFO  : devops/django-day-2/.git/hooks/pre-rebase.sample: Copied (new)
2022/05/28 11:40:04 INFO  : devops/django-day-2/.git/hooks/pre-receive.sample: Copied (new)
2022/05/28 11:40:04 INFO  : devops/django-day-2/.git/hooks/prepare-commit-msg.sample: Copied (new)
2022/05/28 11:40:04 INFO  : devops/django-day-2/.git/hooks/push-to-checkout.sample: Copied (new)
2022/05/28 11:40:05 INFO  : devops/django-day-2/.git/hooks/update.sample: Copied (new)
2022/05/28 11:40:06 INFO  : docker/YT-Docker-lesson/.git/COMMIT_EDITMSG: Copied (new)
2022/05/28 11:40:06 INFO  : docker/YT-Docker-lesson/.git/config: Copied (new)
2022/05/28 11:40:06 INFO  : docker/YT-Docker-lesson/.git/HEAD: Copied (new)
2022/05/28 11:40:07 INFO  : docker/YT-Docker-lesson/.git/description: Copied (new)
2022/05/28 11:40:07 INFO  : docker/YT-Docker-lesson/.git/index: Copied (new)
2022/05/28 11:40:16 INFO  : devops/django-day-2/.git/objects/pack/pack-576f49ea263c114d71b2ddb6a9197171f672e3db.idx: Copied (new)
2022/05/28 11:40:17 INFO  : devops/django-day-2_orig/blog/migrations/0001_initial.py: Copied (new)
2022/05/28 11:40:17 INFO  : devops/django-day-2/.git/objects/pack/pack-576f49ea263c114d71b2ddb6a9197171f672e3db.pack: Copied (new)
2022/05/28 11:40:17 INFO  : docker/YT-Docker-lesson/.git/packed-refs: Copied (new)
2022/05/28 11:40:18 INFO  : devops/django-day-2_orig/blog/migrations/__init__.py: Copied (new)
2022/05/28 11:40:20 INFO  : my_ubuntu_scripts/!format_ext4_trueimage.sh: Copied (new)
2022/05/28 11:40:20 INFO  : my_ubuntu_scripts/autoconf.sh: Copied (new)
2022/05/28 11:40:20 INFO  : my_ubuntu_scripts/asm.sh: Copied (new)
2022/05/28 11:40:20 INFO  : my_ubuntu_scripts/chrome-stable.sh: Copied (new)
2022/05/28 11:40:21 INFO  : my_ubuntu_scripts/chromium.sh: Copied (new)
2022/05/28 11:40:21 INFO  : my_ubuntu_scripts/cmake.sh: Copied (new)
2022/05/28 11:40:22 INFO  : my_ubuntu_scripts/docker_desktop_install.sh: Copied (new)
2022/05/28 11:40:22 INFO  : my_ubuntu_scripts/docker_destop_install.sh: Copied (new)
2022/05/28 11:40:23 INFO  : my_ubuntu_scripts/docker_install.sh: Copied (new)
2022/05/28 11:40:23 INFO  : my_ubuntu_scripts/docker_root.sh: Copied (new)
2022/05/28 11:40:23 INFO  : my_ubuntu_scripts/docker_rootless.sh: Copied (new)
2022/05/28 11:40:24 INFO  : my_ubuntu_scripts/docker_uninstall.sh: Copied (new)
2022/05/28 11:40:24 INFO  : my_ubuntu_scripts/double_commander.sh: Copied (new)
2022/05/28 11:40:24 INFO  : my_ubuntu_scripts/drawio_diagrams_net.sh: Copied (new)
2022/05/28 11:40:25 INFO  : my_ubuntu_scripts/fdupes_install.sh: Copied (new)
2022/05/28 11:40:25 INFO  : my_ubuntu_scripts/fresh_install.sh: Copied (new)
2022/05/28 11:40:25 INFO  : my_ubuntu_scripts/git_install.sh: Copied (new)
2022/05/28 11:40:26 INFO  : my_ubuntu_scripts/github_desktop.sh: Copied (new)
2022/05/28 11:40:26 INFO  : my_ubuntu_scripts/gl.sh: Copied (new)
2022/05/28 11:40:26 INFO  : my_ubuntu_scripts/gnome-power-manager.sh: Copied (new)
2022/05/28 11:40:27 INFO  : my_ubuntu_scripts/google-drive-ocamlfuse.sh: Copied (new)
2022/05/28 11:40:27 INFO  : my_ubuntu_scripts/google-drive-ocamlfuse_start.sh: Copied (new)
2022/05/28 11:40:28 INFO  : my_ubuntu_scripts/gosync_install.sh: Copied (new)
2022/05/28 11:40:28 INFO  : my_ubuntu_scripts/gpg: Copied (new)
2022/05/28 11:40:28 INFO  : my_ubuntu_scripts/install-java-.sh: Copied (new)
2022/05/28 11:40:29 INFO  : my_ubuntu_scripts/install-java.sh: Copied (new)
2022/05/28 11:40:29 INFO  : my_ubuntu_scripts/install_CUDA.sh: Copied (new)
2022/05/28 11:40:29 INFO  : my_ubuntu_scripts/install_DIGImend.sh: Copied (new)
2022/05/28 11:40:30 INFO  : my_ubuntu_scripts/install_fresh.sh: Copied (new)
2022/05/28 11:40:30 INFO  : my_ubuntu_scripts/install_programming_tools.sh: Copied (new)
2022/05/28 11:40:30 INFO  : my_ubuntu_scripts/install_ubuntu.sh: Copied (new)
2022/05/28 11:40:31 INFO  : my_ubuntu_scripts/install_unison.sh: Copied (new)
2022/05/28 11:40:31 INFO  : my_ubuntu_scripts/jetbrains_reset.sh: Copied (new)
2022/05/28 11:40:31 INFO  : my_ubuntu_scripts/keepassxc.sh: Copied (new)
2022/05/28 11:40:32 INFO  : my_ubuntu_scripts/meld_install.sh: Copied (new)
2022/05/28 11:40:32 INFO  : my_ubuntu_scripts/ncdu.sh: Copied (new)
2022/05/28 11:40:33 INFO  : my_ubuntu_scripts/odeke-em_drive.sh: Copied (new)
2022/05/28 11:40:33 INFO  : my_ubuntu_scripts/protonvpn-stable-release_1.0.1-1_all.deb: Copied (new)
2022/05/28 11:40:34 INFO  : my_ubuntu_scripts/protonvpn_connnect.sh: Copied (new)
2022/05/28 11:40:34 INFO  : my_ubuntu_scripts/protonvpn_install.sh: Copied (new)
2022/05/28 11:40:34 INFO  : my_ubuntu_scripts/pseudo_2way.sh: Copied (new)
2022/05/28 11:40:34 INFO  : my_ubuntu_scripts/public_key.asc: Copied (new)
2022/05/28 11:40:35 INFO  : my_ubuntu_scripts/qemu_install.sh: Copied (new)
2022/05/28 11:40:35 INFO  : my_ubuntu_scripts/rclone_config.sh: Copied (new)
2022/05/28 11:40:36 INFO  : my_ubuntu_scripts/rclone_gdrive.sh: Copied (new)
2022/05/28 11:40:36 INFO  : my_ubuntu_scripts/rclone_install.sh: Copied (new)
2022/05/28 11:40:36 INFO  : my_ubuntu_scripts/rclone_install_latest_original.sh: Copied (new)
2022/05/28 11:40:37 INFO  : my_ubuntu_scripts/rclone_mega.sh: Copied (new)
2022/05/28 11:40:37 INFO  : my_ubuntu_scripts/rclone_start.sh: Copied (new)
2022/05/28 11:40:37 INFO  : my_ubuntu_scripts/rsync_install.sh: Copied (new)
2022/05/28 11:40:38 INFO  : my_ubuntu_scripts/uninstall-java-.sh: Copied (new)
2022/05/28 11:40:38 INFO  : my_ubuntu_scripts/uninstall-java.sh: Copied (new)
2022/05/28 11:40:38 INFO  : my_ubuntu_scripts/unison_install.sh: Copied (new)
2022/05/28 11:40:39 INFO  : my_ubuntu_scripts/utorrent_install.sh: Copied (new)
2022/05/28 11:40:39 INFO  : my_ubuntu_scripts/vagrant_install.sh: Copied (new)
2022/05/28 11:40:40 INFO  : my_ubuntu_scripts/vagrant_install_alt.sh: Copied (new)
2022/05/28 11:40:40 INFO  : my_ubuntu_scripts/vagrant_install_share.sh: Copied (new)
2022/05/28 11:40:40 INFO  : my_ubuntu_scripts/vagrant_install_universe.sh: Copied (new)
2022/05/28 11:40:41 INFO  : my_ubuntu_scripts/vagrant_libvirt_provider_install.sh: Copied (new)
2022/05/28 11:40:43 INFO  : my_ubuntu_scripts/virtualbox_install.sh: Copied (new)
2022/05/28 11:40:43 INFO  : my_ubuntu_scripts/virtualbox_install_multiverse.sh: Copied (new)
2022/05/28 11:40:43 INFO  : my_ubuntu_scripts/vim_install.sh: Copied (new)
2022/05/28 11:40:43 INFO  : my_ubuntu_scripts/wine_install.sh: Copied (new)
2022/05/28 11:40:46 INFO  : devops/django-day-2/blog/static/css/blog.css: Copied (new)
2022/05/28 11:40:47 INFO  : my_ubuntu_scripts/zsh.sh: Copied (new)
2022/05/28 11:40:48 INFO  : docker/YT-Docker-lesson/mongodb/app.py: Copied (new)
2022/05/28 11:40:48 INFO  : docker/YT-Docker-lesson/mongodb/storage.py: Copied (new)
2022/05/28 11:40:57 INFO  : devops/django-day-2/.git/refs/heads/main: Copied (new)
2022/05/28 11:40:59 INFO  : devops/django-day-2/blog/templates/blog/base.html: Copied (new)
2022/05/28 11:41:01 INFO  : devops/django-day-2_orig/.git/info/exclude: Copied (new)
2022/05/28 11:41:01 INFO  : vagrant/.vagrant/rgloader/loader.rb: Copied (new)
2022/05/28 11:41:01 INFO  : devops/django-day-2/blog/templates/blog/post_edit.html: Copied (new)
2022/05/28 11:41:01 INFO  : devops/django-day-2/blog/templates/blog/post_detail.html: Copied (new)
2022/05/28 11:41:03 INFO  : devops/docker-cicd-django/mysite/__init__.py: Copied (new)
2022/05/28 11:41:03 INFO  : devops/docker-cicd-django/mysite/urls.py: Copied (new)
2022/05/28 11:41:03 INFO  : devops/django-day-2/blog/templates/blog/post_list.html: Copied (new)
2022/05/28 11:41:04 INFO  : devops/docker-cicd-django/mysite/settings.py: Copied (new)
2022/05/28 11:41:06 INFO  : devops/docker-cicd-django/mysite/wsgi.py: Copied (new)
2022/05/28 11:41:06 INFO  : my_linux_scripts/ssh/.git/COMMIT_EDITMSG: Copied (new)
2022/05/28 11:41:06 INFO  : my_linux_scripts/ssh/.git/HEAD: Copied (new)
2022/05/28 11:41:07 INFO  : my_linux_scripts/ssh/.git/config: Copied (new)
2022/05/28 11:41:08 INFO  : my_linux_scripts/ssh/.git/description: Copied (new)
2022/05/28 11:41:08 INFO  : devops/django-day-2_orig/.git/hooks/applypatch-msg.sample: Copied (new)
2022/05/28 11:41:09 INFO  : my_linux_scripts/ssh/.git/index: Copied (new)
2022/05/28 11:41:09 INFO  : devops/django-day-2_orig/.git/hooks/commit-msg.sample: Copied (new)
2022/05/28 11:41:14 INFO  : devops/django-day-2_orig/.git/hooks/post-update.sample: Copied (new)
2022/05/28 11:41:14 INFO  : devops/django-day-2_orig/.git/hooks/pre-applypatch.sample: Copied (new)
2022/05/28 11:41:14 INFO  : devops/django-day-2_orig/.git/hooks/pre-commit.sample: Copied (new)
2022/05/28 11:41:15 INFO  : devops/django-day-2_orig/.git/hooks/fsmonitor-watchman.sample: Copied (new)
2022/05/28 11:41:15 INFO  : devops/django-day-2_orig/.git/hooks/pre-merge-commit.sample: Copied (new)
2022/05/28 11:41:15 INFO  : devops/django-day-2_orig/.git/hooks/pre-push.sample: Copied (new)
2022/05/28 11:41:16 INFO  : devops/django-day-2_orig/.git/hooks/pre-rebase.sample: Copied (new)
2022/05/28 11:41:16 INFO  : devops/django-day-2_orig/.git/hooks/pre-receive.sample: Copied (new)
2022/05/28 11:41:17 INFO  : devops/django-day-2_orig/.git/hooks/prepare-commit-msg.sample: Copied (new)
2022/05/28 11:41:17 INFO  : devops/django-day-2_orig/.git/hooks/push-to-checkout.sample: Copied (new)
2022/05/28 11:41:17 INFO  : devops/django-day-2_orig/.git/hooks/update.sample: Copied (new)
2022/05/28 11:41:19 INFO  : devops/django-day-2_orig/.git/logs/HEAD: Copied (new)
2022/05/28 11:41:39 INFO  : devops/docker-cicd-django/blog/admin.py: Copied (new)
2022/05/28 11:41:39 INFO  : devops/docker-cicd-django/blog/forms.py: Copied (new)
2022/05/28 11:41:39 INFO  : devops/docker-cicd-django/blog/__init__.py: Copied (new)
2022/05/28 11:41:39 INFO  : devops/docker-cicd-django/blog/apps.py: Copied (new)
2022/05/28 11:41:40 INFO  : devops/docker-cicd-django/blog/models.py: Copied (new)
2022/05/28 11:41:41 INFO  : devops/docker-cicd-django/blog/tests.py: Copied (new)
2022/05/28 11:41:45 INFO  : vagrant/vagrant_start/html/index.html: Copied (new)
2022/05/28 11:41:45 INFO  : devops/docker-cicd-django/blog/urls.py: Copied (new)
2022/05/28 11:41:45 INFO  : devops/docker-cicd-django/blog/views.py: Copied (new)
2022/05/28 11:41:47 INFO  : devops/django-day-2/.git/logs/refs/heads/main: Copied (new)
2022/05/28 11:41:48 INFO  : docker/YT-Docker-lesson/web-hello-world/Dockerfile: Copied (new)
2022/05/28 11:41:49 INFO  : docker/YT-Docker-lesson/web-hello-world/app.py: Copied (new)
2022/05/28 11:41:49 INFO  : docker/YT-Docker-lesson/web-hello-world/requirements.txt: Copied (new)
2022/05/28 11:41:49 INFO  : docker/YT-Docker-lesson/web-hello-world/start.sh: Copied (new)
2022/05/28 11:41:54 INFO  : my_linux_scripts/_sys/home/.ssh/config: Copied (new)
2022/05/28 11:41:56 INFO  : my_linux_scripts/_sys/etc/netplan/apply.sh: Copied (new)
2022/05/28 11:41:56 INFO  : my_linux_scripts/_sys/etc/netplan/netplan_static_ip_assignment: Copied (new)
2022/05/28 11:41:58 INFO  : devops/docker-cicd-django/.git/info/exclude: Copied (new)
2022/05/28 11:41:58 INFO  : docker/YT-Docker-lesson/.git/info/exclude: Copied (new)
2022/05/28 11:42:01 INFO  : devops/django-day-2_orig/blog/static/css/blog.css: Copied (new)
2022/05/28 11:42:05 INFO  : vagrant/vagrant_start2/data/html/index.html: Copied (new)
2022/05/28 11:42:07 INFO  : vagrant/vagrant_start/.vagrant/bundler/global.sol: Copied (new)
2022/05/28 11:42:08 INFO  : devops/docker-cicd-django/.git/logs/HEAD: Copied (new)
2022/05/28 11:42:18 INFO  : docker/YT-Docker-lesson/.git/logs/HEAD: Copied (new)
2022/05/28 11:42:19 INFO  : vagrant/vagrant_start/.vagrant/rgloader/loader.rb: Copied (new)
2022/05/28 11:42:20 INFO  : devops/django-day-2/.git/refs/remotes/origin/HEAD: Copied (new)
2022/05/28 11:42:20 INFO  : devops/docker-cicd-django/.git/hooks/applypatch-msg.sample: Copied (new)
2022/05/28 11:42:24 INFO  : devops/docker-cicd-django/.git/hooks/fsmonitor-watchman.sample: Copied (new)
2022/05/28 11:42:24 INFO  : devops/docker-cicd-django/.git/hooks/pre-applypatch.sample: Copied (new)
2022/05/28 11:42:24 INFO  : devops/docker-cicd-django/.git/hooks/commit-msg.sample: Copied (new)
2022/05/28 11:42:24 INFO  : devops/docker-cicd-django/.git/hooks/post-update.sample: Copied (new)
2022/05/28 11:42:25 INFO  : devops/docker-cicd-django/.git/hooks/pre-commit.sample: Copied (new)
2022/05/28 11:42:25 INFO  : devops/docker-cicd-django/.git/hooks/pre-merge-commit.sample: Copied (new)
2022/05/28 11:42:26 INFO  : devops/docker-cicd-django/.git/hooks/pre-push.sample: Copied (new)
2022/05/28 11:42:26 INFO  : devops/docker-cicd-django/.git/hooks/pre-rebase.sample: Copied (new)
2022/05/28 11:42:26 INFO  : devops/docker-cicd-django/.git/hooks/pre-receive.sample: Copied (new)
2022/05/28 11:42:27 INFO  : devops/docker-cicd-django/.git/hooks/prepare-commit-msg.sample: Copied (new)
2022/05/28 11:42:27 INFO  : devops/docker-cicd-django/.git/hooks/push-to-checkout.sample: Copied (new)
2022/05/28 11:42:27 INFO  : devops/docker-cicd-django/.git/hooks/update.sample: Copied (new)
2022/05/28 11:42:30 INFO  : devops/django-day-2_orig/blog/templates/blog/base.html: Copied (new)
2022/05/28 11:42:30 INFO  : devops/django-day-2_orig/blog/templates/blog/post_list.html: Copied (new)
2022/05/28 11:42:30 INFO  : devops/django-day-2_orig/blog/templates/blog/post_detail.html: Copied (new)
2022/05/28 11:42:30 INFO  : devops/django-day-2_orig/blog/templates/blog/post_edit.html: Copied (new)
2022/05/28 11:42:32 INFO  : docker/YT-Docker-lesson/.git/hooks/applypatch-msg.sample: Copied (new)
2022/05/28 11:42:32 INFO  : docker/YT-Docker-lesson/.git/hooks/post-update.sample: Copied (new)
2022/05/28 11:42:33 INFO  : docker/YT-Docker-lesson/.git/hooks/commit-msg.sample: Copied (new)
2022/05/28 11:42:33 INFO  : docker/YT-Docker-lesson/.git/hooks/fsmonitor-watchman.sample: Copied (new)
2022/05/28 11:42:33 INFO  : docker/YT-Docker-lesson/.git/hooks/pre-applypatch.sample: Copied (new)
2022/05/28 11:42:34 INFO  : docker/YT-Docker-lesson/.git/hooks/pre-commit.sample: Copied (new)
2022/05/28 11:42:34 INFO  : docker/YT-Docker-lesson/.git/hooks/pre-merge-commit.sample: Copied (new)
2022/05/28 11:42:34 INFO  : docker/YT-Docker-lesson/.git/hooks/pre-push.sample: Copied (new)
2022/05/28 11:42:35 INFO  : docker/YT-Docker-lesson/.git/hooks/pre-rebase.sample: Copied (new)
2022/05/28 11:42:35 INFO  : docker/YT-Docker-lesson/.git/hooks/pre-receive.sample: Copied (new)
2022/05/28 11:42:35 INFO  : docker/YT-Docker-lesson/.git/hooks/prepare-commit-msg.sample: Copied (new)
2022/05/28 11:42:36 INFO  : docker/YT-Docker-lesson/.git/hooks/push-to-checkout.sample: Copied (new)
2022/05/28 11:42:37 INFO  : docker/YT-Docker-lesson/web-hello-world/resources/response.json: Copied (new)
2022/05/28 11:42:37 INFO  : docker/YT-Docker-lesson/.git/hooks/update.sample: Copied (new)
2022/05/28 11:42:39 INFO  : my_linux_scripts/_sys/etc/sudoers.d/sudoers.example~: Copied (new)
2022/05/28 11:42:39 INFO  : my_linux_scripts/_sys/etc/sudoers.d/README: Copied (new)
2022/05/28 11:42:56 INFO  : devops/docker-cicd-django/blog/migrations/0001_initial.py: Copied (new)
2022/05/28 11:42:56 INFO  : my_linux_scripts/ssh/.git/info/exclude: Copied (new)
2022/05/28 11:42:56 INFO  : devops/docker-cicd-django/blog/migrations/__init__.py: Copied (new)
2022/05/28 11:42:56 INFO  : my_linux_scripts/_sys/etc/sudoers.d/sudoers_user: Copied (new)
2022/05/28 11:42:59 INFO  : devops/django-day-2/.git/logs/refs/remotes/origin/HEAD: Copied (new)
2022/05/28 11:43:02 INFO  : devops/django-day-2_orig/.git/objects/pack/pack-576f49ea263c114d71b2ddb6a9197171f672e3db.idx: Copied (new)
2022/05/28 11:43:02 INFO  : devops/django-day-2_orig/.git/objects/pack/pack-576f49ea263c114d71b2ddb6a9197171f672e3db.pack: Copied (new)
2022/05/28 11:43:03 INFO  : devops/django-day-2_orig/.git/refs/heads/main: Copied (new)
2022/05/28 11:43:06 INFO  : my_linux_scripts/_sys/etc/ssh/sshd_config.d/my.conf: Copied (new)
2022/05/28 11:43:07 INFO  : my_linux_scripts/_sys/etc/ssh/sshd_config.d/hostbased.conf.working: Copied (new)
2022/05/28 11:43:07 INFO  : my_linux_scripts/_sys/etc/ssh/sshd_config.d/hostbased.conf.need_patch: Copied (new)
2022/05/28 11:43:08 INFO  : my_linux_scripts/ssh/.git/logs/HEAD: Copied (new)
2022/05/28 11:43:14 INFO  : devops/django-day-2_orig/.git/logs/refs/heads/main: Copied (new)
2022/05/28 11:43:16 INFO  : my_linux_scripts/ssh/.git/hooks/applypatch-msg.sample: Copied (new)
2022/05/28 11:43:16 INFO  : my_linux_scripts/ssh/.git/hooks/commit-msg.sample: Copied (new)
2022/05/28 11:43:16 INFO  : my_linux_scripts/ssh/.git/hooks/fsmonitor-watchman.sample: Copied (new)
2022/05/28 11:43:16 INFO  : my_linux_scripts/ssh/.git/hooks/post-update.sample: Copied (new)
2022/05/28 11:43:17 INFO  : my_linux_scripts/ssh/.git/hooks/pre-applypatch.sample: Copied (new)
2022/05/28 11:43:17 INFO  : my_linux_scripts/ssh/.git/hooks/pre-commit.sample: Copied (new)
2022/05/28 11:43:17 INFO  : my_linux_scripts/ssh/.git/hooks/pre-merge-commit.sample: Copied (new)
2022/05/28 11:43:18 INFO  : my_linux_scripts/ssh/.git/hooks/pre-push.sample: Copied (new)
2022/05/28 11:43:19 INFO  : my_linux_scripts/ssh/.git/hooks/pre-rebase.sample: Copied (new)
2022/05/28 11:43:19 INFO  : my_linux_scripts/ssh/.git/hooks/pre-receive.sample: Copied (new)
2022/05/28 11:43:19 INFO  : my_linux_scripts/ssh/.git/hooks/prepare-commit-msg.sample: Copied (new)
2022/05/28 11:43:19 INFO  : my_linux_scripts/ssh/.git/hooks/push-to-checkout.sample: Copied (new)
2022/05/28 11:43:22 INFO  : my_linux_scripts/ssh/.git/hooks/update.sample: Copied (new)
2022/05/28 11:43:22 INFO  : devops/docker-cicd-django/blog/static/css/blog.css: Copied (new)
2022/05/28 11:43:24 INFO  : devops/docker-cicd-django/.git/refs/heads/master: Copied (new)
2022/05/28 11:43:26 INFO  : docker/YT-Docker-lesson/.git/refs/heads/master: Copied (new)
2022/05/28 11:43:29 INFO  : devops/docker-cicd-django/.git/objects/pack/pack-45f61395f2f034368bb360afd98f090ddc87b8a8.idx: Copied (new)
2022/05/28 11:43:29 INFO  : devops/docker-cicd-django/.git/objects/pack/pack-45f61395f2f034368bb360afd98f090ddc87b8a8.pack: Copied (new)
2022/05/28 11:43:35 INFO  : devops/docker-cicd-django/.git/logs/refs/heads/master: Copied (new)
2022/05/28 11:43:36 INFO  : devops/django-day-2_orig/.git/refs/remotes/origin/HEAD: Copied (new)
2022/05/28 11:43:39 INFO  : devops/django-day-2_orig/.git/logs/refs/remotes/origin/HEAD: Copied (new)
2022/05/28 11:43:46 INFO  : docker/YT-Docker-lesson/.git/refs/remotes/origin/HEAD: Copied (new)
2022/05/28 11:43:46 INFO  : docker/YT-Docker-lesson/.git/refs/remotes/origin/master: Copied (new)
2022/05/28 11:43:48 INFO  : docker/YT-Docker-lesson/.git/logs/refs/heads/master: Copied (new)
2022/05/28 11:43:50 INFO  : devops/docker-cicd-django/blog/templates/blog/post_edit.html: Copied (new)
2022/05/28 11:43:50 INFO  : devops/docker-cicd-django/blog/templates/blog/post_detail.html: Copied (new)
2022/05/28 11:43:51 INFO  : devops/docker-cicd-django/blog/templates/blog/post_list.html: Copied (new)
2022/05/28 11:43:51 INFO  : devops/docker-cicd-django/blog/templates/blog/base.html: Copied (new)
2022/05/28 11:43:54 INFO  : docker/YT-Docker-lesson/.git/objects/74/325018a0116d1e33cca15c3912d1bb77566543: Copied (new)
2022/05/28 11:43:56 INFO  : docker/YT-Docker-lesson/.git/objects/01/5bb4094bbde4389c319e0328d327c43811cc5c: Copied (new)
2022/05/28 11:43:57 INFO  : docker/YT-Docker-lesson/.git/objects/80/66e3c39a55eb8aafc6b246b9fc4491a3371baf: Copied (new)
2022/05/28 11:43:57 INFO  : docker/YT-Docker-lesson/.git/objects/8b/903712374997559c5d38229ed3058abc5313b5: Copied (new)
2022/05/28 11:44:04 INFO  : my_linux_scripts/ssh/.git/logs/refs/heads/dev: Copied (new)
2022/05/28 11:44:04 INFO  : my_linux_scripts/ssh/.git/logs/refs/heads/master: Copied (new)
2022/05/28 11:44:06 INFO  : my_linux_scripts/ssh/.git/refs/heads/dev: Copied (new)
2022/05/28 11:44:07 INFO  : docker/YT-Docker-lesson/.git/objects/9b/85400ca5b179c08b761895b93ea2cd2f184b2b: Copied (new)
2022/05/28 11:44:08 INFO  : docker/YT-Docker-lesson/.git/objects/b6/7907d5b1f2f65ad5ad7ed0ca7aaf2a1b3c1c6c: Copied (new)
2022/05/28 11:44:09 INFO  : my_linux_scripts/ssh/.git/refs/heads/master: Copied (new)
2022/05/28 11:44:11 INFO  : devops/docker-cicd-django/.git/refs/remotes/origin/HEAD: Copied (new)
2022/05/28 11:44:12 INFO  : docker/YT-Docker-lesson/.git/objects/c5/caa8fe4bde20ec0bd70cedddbf7ee5263153f1: Copied (new)
2022/05/28 11:44:14 INFO  : docker/YT-Docker-lesson/.git/objects/d1/3111208ed72a7c6daf27ad246fd2db0962d5af: Copied (new)
2022/05/28 11:44:15 INFO  : docker/YT-Docker-lesson/.git/logs/refs/remotes/origin/master: Copied (new)
2022/05/28 11:44:16 INFO  : docker/YT-Docker-lesson/.git/logs/refs/remotes/origin/HEAD: Copied (new)
2022/05/28 11:44:18 INFO  : my_linux_scripts/ssh/.git/objects/23/8ea638ce07fa802acce128d4c899e3a258ce6c: Copied (new)
2022/05/28 11:44:20 INFO  : devops/docker-cicd-django/.git/logs/refs/remotes/origin/HEAD: Copied (new)
2022/05/28 11:44:22 INFO  : my_linux_scripts/ssh/.git/objects/3c/bb0ae7dad2833c715d57a651a5f5254c33186c: Copied (new)
2022/05/28 11:44:23 INFO  : docker/YT-Docker-lesson/.git/objects/pack/pack-30e9a7e0a568c2a5351d644a8d052a5ec441e9f2.idx: Copied (new)
2022/05/28 11:44:23 INFO  : docker/YT-Docker-lesson/.git/objects/pack/pack-30e9a7e0a568c2a5351d644a8d052a5ec441e9f2.pack: Copied (new)
2022/05/28 11:44:24 INFO  : docker/YT-Docker-lesson/.git/objects/dd/952a9f7c9bb7d035ddc5277a9e5828246d6a60: Copied (new)
2022/05/28 11:44:26 INFO  : my_linux_scripts/ssh/.git/objects/48/aa1a0cc25ed9476bb46a656b163d47754b4b8b: Copied (new)
2022/05/28 11:44:27 INFO  : my_linux_scripts/ssh/.git/objects/52/5a7edbbce97c81a2b7f7036bd1527718434802: Copied (new)
2022/05/28 11:44:28 INFO  : my_linux_scripts/ssh/.git/objects/71/321c06748fb54114e1b6abfb10f91462b87d3d: Copied (new)
2022/05/28 11:44:37 INFO  : my_linux_scripts/ssh/.git/objects/90/c5781740ef485f4af05d9e1b699e98a43fd088: Copied (new)
2022/05/28 11:44:38 INFO  : my_linux_scripts/ssh/.git/objects/8f/38d976d965e343626ef576bbb4585aa84ff629: Copied (new)
2022/05/28 11:44:40 INFO  : my_linux_scripts/ssh/.git/objects/7a/46f2cc8eefe0c29aa580663c16f5964cdde9e1: Copied (new)
2022/05/28 11:44:40 INFO  : my_linux_scripts/ssh/.git/objects/81/4be919c9c82f0864f45a2a44890ce5b3ba3d4a: Copied (new)
2022/05/28 11:44:45 INFO  : my_linux_scripts/ssh/.git/objects/93/ab148b1e4a5944b5877987f3bffcca19f17cb7: Copied (new)
2022/05/28 11:44:46 INFO  : my_linux_scripts/ssh/.git/objects/a5/4cc70a68d1b4a505f00e34afe2f6e58607f3c1: Copied (new)
2022/05/28 11:44:47 INFO  : my_linux_scripts/ssh/.git/objects/bb/e9c42c23531b09c90f18e84d18064efc3b6e81: Copied (new)
2022/05/28 11:44:47 INFO  : my_linux_scripts/ssh/.git/objects/b0/eda1dd327277e51fa190c03faad3340288c33a: Copied (new)
2022/05/28 11:44:49 INFO  : my_linux_scripts/ssh/.git/objects/cb/09be3f3695c349ea194f82c30f13c896d37859: Copied (new)
2022/05/28 11:44:58 INFO  : my_linux_scripts/ssh/.git/objects/e6/6fe5cfbb8de5b1005f1c698d66be9566a7e2f2: Copied (new)
2022/05/28 11:44:59 INFO  : my_linux_scripts/ssh/.git/objects/d8/f889e3e345714d8d121eed6fa50579a7704fdd: Copied (new)
2022/05/28 11:45:00 INFO  : my_linux_scripts/ssh/.git/objects/df/ba5c58c7a98269fd98d5614cbe3e23a542a5b6: Copied (new)
2022/05/28 11:45:03 INFO  : my_linux_scripts/ssh/.git/objects/f3/67d75177fdd67a2cdbccac192f2dbf038a4587: Copied (new)
2022/05/28 11:45:04 INFO  : my_linux_scripts/ssh/.git/objects/f0/e67edaf30b3b5d350168516af9e5285f0d8f21: Copied (new)
2022/05/28 11:45:04 INFO  : my_linux_scripts/ssh/.git/objects/f9/34ea82e2f30bc02b6e3700a23094fdf83f9965: Copied (new)
2022/05/28 11:45:04 INFO  : ssh/hostbased_cert_0CA.sh: Copied (new)
2022/05/28 11:45:04 INFO  : ssh/ssh_config.d/hostbased.conf.desktop: Copied (new)
2022/05/28 11:45:04 INFO  : 
Transferred:   	  551.440 KiB / 551.440 KiB, 100%, 355 B/s, ETA 0s
Transferred:          448 / 448, 100%
Elapsed time:      7m22.5s

2022/05/28 12:03:39 INFO  : There was nothing to transfer
2022/05/28 12:03:39 INFO  : 
Transferred:   	          0 B / 0 B, -, 0 B/s, ETA -
Checks:               186 / 186, 100%
Elapsed time:         5.8s

2022/05/28 12:03:45 INFO  : docker/Dockerfile.run: Moved (server-side)
2022/05/28 12:03:45 INFO  : docker/.Dockerfile.run.swp: Moved (server-side)
2022/05/28 12:03:46 INFO  : docker/Dockerfile.run: Copied (new)
2022/05/28 12:03:47 INFO  : docker/.Dockerfile.run.swp: Copied (new)
2022/05/28 12:03:49 INFO  : 
Transferred:   	   29.723 KiB / 29.723 KiB, 100%, 7.429 KiB/s, ETA 0s
Checks:               450 / 450, 100%
Renamed:                2
Transferred:            2 / 2, 100%
Elapsed time:         9.2s

2022/05/30 22:50:03 NOTICE: devenv/Vagrantfile: Can't follow symlink without -L/--copy-links
2022/05/30 22:50:06 INFO  : devenv/DockerHostVagrantfile: Copied (new)
2022/05/30 22:50:06 INFO  : vagrant_docker.sh: Copied (new)
2022/05/30 22:50:07 INFO  : devenv/Vagrantfile.linking: Copied (new)
2022/05/30 22:50:07 INFO  : devenv/Dockerfile: Copied (new)
2022/05/30 22:50:07 INFO  : devenv/Vagrantfile.multimachine: Copied (new)
2022/05/30 22:50:08 INFO  : devenv/Vagrantfile.single: Copied (new)
2022/05/30 22:50:29 INFO  : devenv/vagrant_env.sh: Copied (new)
2022/05/30 22:50:29 INFO  : devenv/readme: Copied (new)
2022/05/30 22:50:29 INFO  : devenv/vagrant_link.sh: Copied (new)
2022/05/30 22:50:29 INFO  : devenv/simple_environment.sh: Copied (new)
2022/05/30 22:50:34 INFO  : devenv/vagrant_multi.sh: Copied (new)
2022/05/30 22:50:34 INFO  : 
Transferred:   	   10.167 KiB / 10.167 KiB, 100%, 300 B/s, ETA 0s
Checks:                36 / 36, 100%
Transferred:           11 / 11, 100%
Elapsed time:        36.4s

2022/06/01 14:51:26 INFO  : There was nothing to transfer
2022/06/01 14:51:26 INFO  : 
Transferred:   	          0 B / 0 B, -, 0 B/s, ETA -
Checks:                 1 / 1, 100%
Elapsed time:         2.6s

2022/06/01 14:54:03 NOTICE: vagrant/devenv/Vagrantfile: Can't follow symlink without -L/--copy-links
2022/06/01 14:54:04 INFO  : docker/Dockerfile.files: Copied (new)
2022/06/01 14:54:04 INFO  : docker/Dockerfile.volume: Copied (new)
2022/06/01 14:54:05 INFO  : docker/q: Copied (new)
2022/06/01 14:54:05 INFO  : docker/Dockerfile.misc: Copied (new)
2022/06/01 14:54:05 INFO  : docker/Dockerfile.arg: Moved (server-side)
2022/06/01 14:54:06 INFO  : docker/Dockerfile.run: Moved (server-side)
2022/06/01 14:54:06 INFO  : docker/build.sh: Moved (server-side)
2022/06/01 14:54:07 INFO  : qemu/linux/name.tar.xz: Copied (new)
2022/06/01 14:54:07 INFO  : docker/Dockerfile.multistage: Moved (server-side)
2022/06/01 14:54:07 INFO  : vagrant/devenv/Vagrantfile.synced_folder: Copied (new)
2022/06/01 14:54:07 INFO  : docker/start_script2.sh: Copied (new)
2022/06/01 14:54:07 INFO  : docker/start_script.sh: Copied (new)
2022/06/01 14:54:08 INFO  : vagrant/devenv/vagrant_synced_folder.sh: Copied (new)
2022/06/01 14:54:09 INFO  : local/bin/.autobus_rsync.sh.swp: Copied (new)
2022/06/01 14:54:13 INFO  : docker/Dockerfile.run: Copied (new)
2022/06/01 14:54:14 INFO  : docker/build.sh: Copied (new)
2022/06/01 14:54:14 INFO  : local/bin/.rclone_copy.sh.swp: Copied (new)
2022/06/01 14:54:14 INFO  : docker/Dockerfile.arg: Copied (new)
2022/06/01 14:54:15 INFO  : docker/Dockerfile.multistage: Copied (new)
2022/06/01 14:54:15 INFO  : 
Transferred:   	   85.287 KiB / 85.287 KiB, 100%, 7.108 KiB/s, ETA 0s
Checks:               457 / 457, 100%
Renamed:                4
Transferred:           15 / 15, 100%
Elapsed time:        17.5s

2022/06/01 15:15:07 INFO  : backup.sh: Copied (new)
2022/06/01 15:15:07 INFO  : autobus_rsync.sh: Copied (new)
2022/06/01 15:15:07 INFO  : .rclone_copy.sh.swp: Copied (new)
2022/06/01 15:15:07 INFO  : backup_autobus_.sh.bak: Copied (new)
2022/06/01 15:15:07 INFO  : backup_ph.list: Copied (new)
2022/06/01 15:15:07 INFO  : deldupes.sh: Copied (new)
2022/06/01 15:15:07 INFO  : .autobus_rsync.sh.swp: Copied (new)
2022/06/01 15:15:07 INFO  : gtor_start.sh: Copied (new)
2022/06/01 15:15:07 INFO  : logout.sh: Copied (new)
2022/06/01 15:15:07 INFO  : new_script.bash: Copied (new)
2022/06/01 15:15:07 INFO  : rclone_copy.sh.log: Copied (new)
2022/06/01 15:15:07 NOTICE: rclone_copyto.sh.log: Removing partially written file on error: can't copy - source file is being updated (size changed from 54713 to 55353)
2022/06/01 15:15:07 ERROR : rclone_copyto.sh.log: Failed to copy: can't copy - source file is being updated (size changed from 54713 to 55353)
2022/06/01 15:15:07 INFO  : finddupes.sh: Copied (new)
2022/06/01 15:15:07 INFO  : rclone_moveto.sh: Copied (new)
2022/06/01 15:15:07 INFO  : rclone_moveto.sh.log: Copied (new)
2022/06/01 15:15:07 INFO  : remove_dup_files.sh: Copied (new)
2022/06/01 15:15:07 INFO  : rclone_copyto.sh: Copied (new)
2022/06/01 15:15:07 INFO  : swap_args.sh: Copied (new)
2022/06/01 15:15:07 INFO  : remove_blank_lines.sh: Copied (new)
2022/06/01 15:15:07 INFO  : te.sh: Copied (new)
2022/06/01 15:15:07 INFO  : tar.sh: Copied (new)
2022/06/01 15:15:07 ERROR : Attempt 1/3 failed with 1 errors and: can't copy - source file is being updated (size changed from 54713 to 55353)
2022/06/01 15:15:07 INFO  : rclone_copyto.sh.log: Copied (new)
2022/06/01 15:15:07 ERROR : Attempt 2/3 succeeded
2022/06/01 15:15:07 INFO  : 
Transferred:   	  171.932 KiB / 171.932 KiB, 100%, 0 B/s, ETA -
Checks:                20 / 20, 100%
Transferred:           21 / 21, 100%
Elapsed time:         0.0s

2022/06/01 15:16:08 INFO  : backup_ph.list: Copied (new)
2022/06/01 15:16:08 INFO  : rclone_copyto.sh: Copied (new)
2022/06/01 15:16:08 NOTICE: rclone_copyto.sh.log: Removing partially written file on error: can't copy - source file is being updated (size changed from 56630 to 56746)
2022/06/01 15:16:08 ERROR : rclone_copyto.sh.log: Failed to copy: can't copy - source file is being updated (size changed from 56630 to 56746)
2022/06/01 15:16:08 INFO  : backup.sh: Copied (new)
2022/06/01 15:16:08 INFO  : rclone_moveto.sh.log: Copied (new)
2022/06/01 15:16:08 INFO  : te.sh: Updated modification time in destination
2022/06/01 15:16:08 INFO  : tar.sh: Copied (new)
2022/06/01 15:16:08 INFO  : rclone_moveto.sh: Copied (new)
2022/06/01 15:16:08 INFO  : rclone_copy.sh.log: Copied (new)
2022/06/01 15:16:08 ERROR : Attempt 1/3 failed with 1 errors and: can't copy - source file is being updated (size changed from 56630 to 56746)
2022/06/01 15:16:08 INFO  : rclone_copyto.sh.log: Copied (new)
2022/06/01 15:16:08 ERROR : Attempt 2/3 succeeded
2022/06/01 15:16:08 INFO  : 
Transferred:   	  130.140 KiB / 130.140 KiB, 100%, 0 B/s, ETA -
Checks:                33 / 33, 100%
Transferred:            8 / 8, 100%
Elapsed time:         0.0s

2022/06/02 13:29:37 NOTICE: bisync is EXPERIMENTAL. Don't use in production!
2022/06/02 13:29:37 INFO  : Synching Path1 "/data/data/com.termux/files/home/tmp/rclone/" with Path2 "gm{uoUGO}:tmp/rclone/"
2022/06/02 13:29:37 ERROR : Bisync critical error: cannot find prior Path1 or Path2 listings, likely due to critical error on prior run
2022/06/02 13:29:37 ERROR : Bisync aborted. Must run --resync to recover.
2022/06/03 11:28:36 INFO  : docker/Dockerfile.files: Updated modification time in destination
2022/06/03 11:28:36 NOTICE: vagrant/devenv/Vagrantfile: Can't follow symlink without -L/--copy-links
2022/06/03 11:28:37 INFO  : docker/.Dockerfile.files.swp: Copied (new)
2022/06/03 11:28:37 INFO  : docker/.Dockerfile.swp: Copied (new)
2022/06/03 11:28:37 INFO  : docker/.Dockerfile.run.swp: Moved (server-side)
2022/06/03 11:28:38 INFO  : docker/Dockerfile: Moved (server-side)
2022/06/03 11:28:38 INFO  : docker/Dockerfile.run: Moved (server-side)
2022/06/03 11:28:38 INFO  : docker/Dockerfile.misc: Moved (server-side)
2022/06/03 11:28:39 INFO  : docker/.Dockerfile.run.swp: Copied (new)
2022/06/03 11:28:39 INFO  : docker/Dockerfile.misc: Copied (new)
2022/06/03 11:28:39 INFO  : docker/Dockerfile: Copied (new)
2022/06/03 11:28:40 INFO  : docker/Dockerfile.run: Copied (new)
2022/06/03 11:28:43 INFO  : 
Transferred:   	   80.819 KiB / 80.819 KiB, 100%, 10.104 KiB/s, ETA 0s
Checks:               478 / 478, 100%
Renamed:                4
Transferred:            6 / 6, 100%
Elapsed time:        12.5s

